<?xml version="1.0" encoding="UTF-8"?>
<testng-results ignored="0" total="1" passed="1" failed="0" skipped="0">
  <reporter-output>
  </reporter-output>
  <suite started-at="2023-11-13T22:46:20 IST" name="Suite" finished-at="2023-11-13T22:46:37 IST" duration-ms="16240">
    <groups>
    </groups>
    <test started-at="2023-11-13T22:46:20 IST" name="Testng" finished-at="2023-11-13T22:46:37 IST" duration-ms="16240">
      <class name="testCases.TC001_AccountLogin">
        <test-method is-config="true" signature="setup(java.lang.String)[pri:0, instance:testCases.TC001_AccountLogin@1afd44cb]" started-at="2023-11-13T22:46:21 IST" name="setup" finished-at="2023-11-13T22:46:34 IST" duration-ms="12795" status="PASS">
          <params>
            <param index="0">
              <value>
                <![CDATA[chrome]]>
              </value>
            </param>
          </params>
          <reporter-output>
          </reporter-output>
        </test-method> <!-- setup -->
        <test-method signature="test_account_login()[pri:0, instance:testCases.TC001_AccountLogin@1afd44cb]" started-at="2023-11-13T22:46:34 IST" name="test_account_login" finished-at="2023-11-13T22:46:35 IST" duration-ms="1285" status="PASS">
          <reporter-output>
          </reporter-output>
        </test-method> <!-- test_account_login -->
        <test-method is-config="true" signature="tearDown()[pri:0, instance:testCases.TC001_AccountLogin@1afd44cb]" started-at="2023-11-13T22:46:35 IST" name="tearDown" finished-at="2023-11-13T22:46:37 IST" duration-ms="1101" status="PASS">
          <reporter-output>
          </reporter-output>
        </test-method> <!-- tearDown -->
      </class> <!-- testCases.TC001_AccountLogin -->
    </test> <!-- Testng -->
  </suite> <!-- Suite -->
</testng-results>
