<?xml version="1.0" encoding="UTF-8"?>
<testng-results ignored="0" total="1" passed="1" failed="0" skipped="0">
  <reporter-output>
  </reporter-output>
  <suite started-at="2023-11-11T23:38:20 IST" name="Suite" finished-at="2023-11-11T23:39:09 IST" duration-ms="48518">
    <groups>
    </groups>
    <test started-at="2023-11-11T23:38:20 IST" name="Testng" finished-at="2023-11-11T23:39:09 IST" duration-ms="48518">
      <class name="testCases.TC001_AccountLogin">
        <test-method is-config="true" signature="setup(java.lang.String)[pri:0, instance:testCases.TC001_AccountLogin@18df8434]" started-at="2023-11-11T23:38:21 IST" name="setup" finished-at="2023-11-11T23:38:41 IST" duration-ms="20217" status="PASS">
          <params>
            <param index="0">
              <value>
                <![CDATA[chrome]]>
              </value>
            </param>
          </params>
          <reporter-output>
          </reporter-output>
        </test-method> <!-- setup -->
        <test-method signature="test_account_login()[pri:0, instance:testCases.TC001_AccountLogin@18df8434]" started-at="2023-11-11T23:38:42 IST" name="test_account_login" finished-at="2023-11-11T23:38:44 IST" duration-ms="2140" status="PASS">
          <reporter-output>
          </reporter-output>
        </test-method> <!-- test_account_login -->
        <test-method is-config="true" signature="tearDown()[pri:0, instance:testCases.TC001_AccountLogin@18df8434]" started-at="2023-11-11T23:38:44 IST" name="tearDown" finished-at="2023-11-11T23:39:09 IST" duration-ms="24796" status="PASS">
          <reporter-output>
          </reporter-output>
        </test-method> <!-- tearDown -->
      </class> <!-- testCases.TC001_AccountLogin -->
    </test> <!-- Testng -->
  </suite> <!-- Suite -->
</testng-results>
